<?xml version="1.0" encoding="UTF-8"?>
<!-- Generated by org.testng.reporters.JUnitXMLReporter -->
<testsuite ignored="0" hostname="DESKTOP-KA9OV80" failures="1" tests="1" name="Test" time="0.136" errors="0" timestamp="2023-12-09T12:54:52 IST">
  <testcase classname="Practice.DemoTest" name="demoTest" time="0.023">
    <failure type="java.lang.NullPointerException" message="Cannot invoke &amp;quot;String.equalsIgnoreCase(String)&amp;quot; because &amp;quot;BROWSER&amp;quot; is null">
      <![CDATA[java.lang.NullPointerException: Cannot invoke "String.equalsIgnoreCase(String)" because "BROWSER" is null
at Practice.DemoTest.demoTest(DemoTest.java:19)
at java.base/java.util.ArrayList.forEach(ArrayList.java:1511)
... Removed 25 stack frames]]>
    </failure>
  </testcase> <!-- demoTest -->
</testsuite> <!-- Test -->
